2025-09-06 18:25:52,674 - INFO - /home/computron/miniconda/lib/python3.12/site-packages/abstract_ide/consoles/apiTab/main.py - → Detecting prefix from ['http://127.0.0.1:5000/config', 'http://127.0.0.1:5000/__config', 'http://127.0.0.1:5000/_meta']
2025-09-06 18:25:52,692 - ERROR - /home/computron/miniconda/lib/python3.12/site-packages/abstract_ide/consoles/apiTab/main.py - ✖ GET http://127.0.0.1:5000/config — NetworkError.ContentNotFoundError: Error transferring http://127.0.0.1:5000/config - server replied: NOT FOUND
2025-09-06 18:25:52,704 - ERROR - /home/computron/miniconda/lib/python3.12/site-packages/abstract_ide/consoles/apiTab/main.py - ✖ GET http://127.0.0.1:5000/__config — NetworkError.ContentNotFoundError: Error transferring http://127.0.0.1:5000/__config - server replied: NOT FOUND
2025-09-06 18:25:52,719 - ERROR - /home/computron/miniconda/lib/python3.12/site-packages/abstract_ide/consoles/apiTab/main.py - ✖ GET http://127.0.0.1:5000/_meta — NetworkError.ContentNotFoundError: Error transferring http://127.0.0.1:5000/_meta - server replied: NOT FOUND
2025-09-06 18:25:52,720 - WARNING - /home/computron/miniconda/lib/python3.12/site-packages/abstract_ide/consoles/apiTab/main.py - ⚠ No prefix detected; using /api
2025-09-06 18:26:12,504 - INFO - /home/computron/miniconda/lib/python3.12/site-packages/abstract_ide/consoles/apiTab/main.py - → Detecting prefix from ['https://abstractendeavors.com/config', 'https://abstractendeavors.com/__config', 'https://abstractendeavors.com/_meta']
2025-09-06 18:26:12,698 - INFO - /home/computron/miniconda/lib/python3.12/site-packages/abstract_ide/consoles/apiTab/main.py - ✔ GET https://abstractendeavors.com/config
2025-09-06 18:26:12,741 - INFO - /home/computron/miniconda/lib/python3.12/site-packages/abstract_ide/consoles/apiTab/main.py - ✔ GET https://abstractendeavors.com/__config
2025-09-06 18:26:12,744 - INFO - /home/computron/miniconda/lib/python3.12/site-packages/abstract_ide/consoles/apiTab/main.py - ✔ GET https://abstractendeavors.com/_meta
2025-09-06 18:26:12,744 - WARNING - /home/computron/miniconda/lib/python3.12/site-packages/abstract_ide/consoles/apiTab/main.py - ⚠ No prefix detected; using /api
2025-09-06 18:26:20,166 - INFO - /home/computron/miniconda/lib/python3.12/site-packages/abstract_ide/consoles/apiTab/main.py - → Detecting prefix from ['https://abstractendeavors.com/config', 'https://abstractendeavors.com/__config', 'https://abstractendeavors.com/_meta']
2025-09-06 18:26:20,168 - INFO - /home/computron/miniconda/lib/python3.12/site-packages/abstract_ide/consoles/apiTab/main.py - ✔ GET https://abstractendeavors.com/config
2025-09-06 18:26:20,176 - INFO - /home/computron/miniconda/lib/python3.12/site-packages/abstract_ide/consoles/apiTab/main.py - ✔ GET https://abstractendeavors.com/__config
2025-09-06 18:26:20,179 - INFO - /home/computron/miniconda/lib/python3.12/site-packages/abstract_ide/consoles/apiTab/main.py - ✔ GET https://abstractendeavors.com/_meta
2025-09-06 18:26:20,179 - WARNING - /home/computron/miniconda/lib/python3.12/site-packages/abstract_ide/consoles/apiTab/main.py - ⚠ No prefix detected; using /api
2025-09-06 18:26:28,511 - INFO - /home/computron/miniconda/lib/python3.12/site-packages/abstract_ide/consoles/apiTab/main.py - → Detecting prefix from ['https://abstractendeavors.com/config', 'https://abstractendeavors.com/__config', 'https://abstractendeavors.com/_meta']
2025-09-06 18:26:28,521 - INFO - /home/computron/miniconda/lib/python3.12/site-packages/abstract_ide/consoles/apiTab/main.py - ✔ GET https://abstractendeavors.com/config
2025-09-06 18:26:28,524 - INFO - /home/computron/miniconda/lib/python3.12/site-packages/abstract_ide/consoles/apiTab/main.py - ✔ GET https://abstractendeavors.com/__config
2025-09-06 18:26:28,526 - INFO - /home/computron/miniconda/lib/python3.12/site-packages/abstract_ide/consoles/apiTab/main.py - ✔ GET https://abstractendeavors.com/_meta
2025-09-06 18:26:28,527 - WARNING - /home/computron/miniconda/lib/python3.12/site-packages/abstract_ide/consoles/apiTab/main.py - ⚠ No prefix detected; using /api
2025-09-09 01:11:17,261 - INFO - /home/computron/miniconda/lib/python3.12/site-packages/abstract_ide/consoles/apiTab/main.py - → Detecting prefix from ['https://abstractendeavors.com/config', 'https://abstractendeavors.com/__config', 'https://abstractendeavors.com/_meta']
2025-09-09 01:11:17,492 - INFO - /home/computron/miniconda/lib/python3.12/site-packages/abstract_ide/consoles/apiTab/main.py - ✔ GET https://abstractendeavors.com/config
2025-09-09 01:11:17,533 - INFO - /home/computron/miniconda/lib/python3.12/site-packages/abstract_ide/consoles/apiTab/main.py - ✔ GET https://abstractendeavors.com/__config
2025-09-09 01:11:17,535 - INFO - /home/computron/miniconda/lib/python3.12/site-packages/abstract_ide/consoles/apiTab/main.py - ✔ GET https://abstractendeavors.com/_meta
2025-09-09 01:11:17,535 - WARNING - /home/computron/miniconda/lib/python3.12/site-packages/abstract_ide/consoles/apiTab/main.py - ⚠ No prefix detected; using /api
2025-09-09 01:15:08,664 - INFO - /home/computron/miniconda/lib/python3.12/site-packages/abstract_ide/consoles/apiTab/main.py - → Detecting prefix from ['https://abstractendeavors.com/config', 'https://abstractendeavors.com/__config', 'https://abstractendeavors.com/_meta']
2025-09-09 01:15:08,673 - INFO - /home/computron/miniconda/lib/python3.12/site-packages/abstract_ide/consoles/apiTab/main.py - ✔ GET https://abstractendeavors.com/config
2025-09-09 01:15:08,715 - INFO - /home/computron/miniconda/lib/python3.12/site-packages/abstract_ide/consoles/apiTab/main.py - ✔ GET https://abstractendeavors.com/__config
2025-09-09 01:15:08,717 - INFO - /home/computron/miniconda/lib/python3.12/site-packages/abstract_ide/consoles/apiTab/main.py - ✔ GET https://abstractendeavors.com/_meta
2025-09-09 01:15:08,718 - WARNING - /home/computron/miniconda/lib/python3.12/site-packages/abstract_ide/consoles/apiTab/main.py - ⚠ No prefix detected; using /api
2025-09-09 01:15:20,346 - INFO - /home/computron/miniconda/lib/python3.12/site-packages/abstract_ide/consoles/apiTab/main.py - → Detecting prefix from ['https://abstractendeavors.com/config', 'https://abstractendeavors.com/__config', 'https://abstractendeavors.com/_meta']
2025-09-09 01:15:20,349 - INFO - /home/computron/miniconda/lib/python3.12/site-packages/abstract_ide/consoles/apiTab/main.py - ✔ GET https://abstractendeavors.com/config
2025-09-09 01:15:20,352 - INFO - /home/computron/miniconda/lib/python3.12/site-packages/abstract_ide/consoles/apiTab/main.py - ✔ GET https://abstractendeavors.com/__config
2025-09-09 01:15:20,373 - INFO - /home/computron/miniconda/lib/python3.12/site-packages/abstract_ide/consoles/apiTab/main.py - ✔ GET https://abstractendeavors.com/_meta
2025-09-09 01:15:20,373 - WARNING - /home/computron/miniconda/lib/python3.12/site-packages/abstract_ide/consoles/apiTab/main.py - ⚠ No prefix detected; using /api
2025-09-09 01:15:20,944 - INFO - /home/computron/miniconda/lib/python3.12/site-packages/abstract_ide/consoles/apiTab/main.py - → Detecting prefix from ['https://abstractendeavors.com/config', 'https://abstractendeavors.com/__config', 'https://abstractendeavors.com/_meta']
2025-09-09 01:15:20,947 - INFO - /home/computron/miniconda/lib/python3.12/site-packages/abstract_ide/consoles/apiTab/main.py - ✔ GET https://abstractendeavors.com/config
2025-09-09 01:15:20,965 - INFO - /home/computron/miniconda/lib/python3.12/site-packages/abstract_ide/consoles/apiTab/main.py - ✔ GET https://abstractendeavors.com/__config
2025-09-09 01:15:20,968 - INFO - /home/computron/miniconda/lib/python3.12/site-packages/abstract_ide/consoles/apiTab/main.py - ✔ GET https://abstractendeavors.com/_meta
2025-09-09 01:15:20,968 - WARNING - /home/computron/miniconda/lib/python3.12/site-packages/abstract_ide/consoles/apiTab/main.py - ⚠ No prefix detected; using /api
2025-09-09 01:15:28,064 - INFO - /home/computron/miniconda/lib/python3.12/site-packages/abstract_ide/consoles/apiTab/main.py - → Detecting prefix from ['https://abstractendeavors.com/config', 'https://abstractendeavors.com/__config', 'https://abstractendeavors.com/_meta']
2025-09-09 01:15:28,066 - INFO - /home/computron/miniconda/lib/python3.12/site-packages/abstract_ide/consoles/apiTab/main.py - ✔ GET https://abstractendeavors.com/config
2025-09-09 01:15:28,068 - INFO - /home/computron/miniconda/lib/python3.12/site-packages/abstract_ide/consoles/apiTab/main.py - ✔ GET https://abstractendeavors.com/__config
2025-09-09 01:15:28,086 - INFO - /home/computron/miniconda/lib/python3.12/site-packages/abstract_ide/consoles/apiTab/main.py - ✔ GET https://abstractendeavors.com/_meta
2025-09-09 01:15:28,086 - WARNING - /home/computron/miniconda/lib/python3.12/site-packages/abstract_ide/consoles/apiTab/main.py - ⚠ No prefix detected; using /api
2025-09-09 01:15:41,099 - INFO - /home/computron/miniconda/lib/python3.12/site-packages/abstract_ide/consoles/apiTab/main.py - → GET https://abstractendeavors.com/utils/endpoints
2025-09-09 01:15:41,132 - INFO - /home/computron/miniconda/lib/python3.12/site-packages/abstract_ide/consoles/apiTab/main.py - ✔ GET https://abstractendeavors.com/utils/endpoints
2025-09-09 01:15:43,203 - INFO - /home/computron/miniconda/lib/python3.12/site-packages/abstract_ide/consoles/apiTab/main.py - → GET https://abstractendeavors.com/utils/endpoints
2025-09-09 01:15:43,228 - INFO - /home/computron/miniconda/lib/python3.12/site-packages/abstract_ide/consoles/apiTab/main.py - ✔ GET https://abstractendeavors.com/utils/endpoints
2025-09-09 01:15:45,607 - INFO - /home/computron/miniconda/lib/python3.12/site-packages/abstract_ide/consoles/apiTab/main.py - → GET https://abstractendeavors.com/utils/endpoints
2025-09-09 01:15:45,628 - INFO - /home/computron/miniconda/lib/python3.12/site-packages/abstract_ide/consoles/apiTab/main.py - ✔ GET https://abstractendeavors.com/utils/endpoints
2025-09-09 01:15:54,933 - INFO - /home/computron/miniconda/lib/python3.12/site-packages/abstract_ide/consoles/apiTab/main.py - → GET https://abstractendeavors.com/utils/utils/endpoints
2025-09-09 01:15:54,947 - ERROR - /home/computron/miniconda/lib/python3.12/site-packages/abstract_ide/consoles/apiTab/main.py - ✖ GET https://abstractendeavors.com/utils/utils/endpoints — NetworkError.ContentNotFoundError: Error transferring https://abstractendeavors.com/utils/utils/endpoints - server replied: 
2025-09-09 01:16:01,654 - INFO - /home/computron/miniconda/lib/python3.12/site-packages/abstract_ide/consoles/apiTab/main.py - → GET https://abstractendeavors.com/utils/endpoints
2025-09-09 01:16:01,687 - INFO - /home/computron/miniconda/lib/python3.12/site-packages/abstract_ide/consoles/apiTab/main.py - ✔ GET https://abstractendeavors.com/utils/endpoints
2025-09-09 01:16:10,259 - INFO - /home/computron/miniconda/lib/python3.12/site-packages/abstract_ide/consoles/apiTab/main.py - → GET https://abstractendeavors.com/utils/endpoints
2025-09-09 01:16:10,285 - INFO - /home/computron/miniconda/lib/python3.12/site-packages/abstract_ide/consoles/apiTab/main.py - ✔ GET https://abstractendeavors.com/utils/endpoints
2025-09-09 05:05:08,296 - INFO - /home/computron/miniconda/lib/python3.12/site-packages/abstract_ide/consoles/apiTab/main.py - → GET https://abstractendeavors.com/utils/endpoints
2025-09-09 05:05:08,405 - ERROR - /home/computron/miniconda/lib/python3.12/site-packages/abstract_ide/consoles/apiTab/main.py - ✖ GET https://abstractendeavors.com/utils/endpoints — NetworkError.ContentNotFoundError: Error transferring https://abstractendeavors.com/utils/endpoints - server replied: 
2025-09-09 05:05:46,032 - INFO - /home/computron/miniconda/lib/python3.12/site-packages/abstract_ide/consoles/apiTab/main.py - → GET https://abstractendeavors.com/utils/endpoints
2025-09-09 05:05:46,045 - ERROR - /home/computron/miniconda/lib/python3.12/site-packages/abstract_ide/consoles/apiTab/main.py - ✖ GET https://abstractendeavors.com/utils/endpoints — NetworkError.ContentNotFoundError: Error transferring https://abstractendeavors.com/utils/endpoints - server replied: 
2025-09-09 05:05:46,674 - INFO - /home/computron/miniconda/lib/python3.12/site-packages/abstract_ide/consoles/apiTab/main.py - → GET https://abstractendeavors.com/utils/endpoints
2025-09-09 05:05:46,688 - ERROR - /home/computron/miniconda/lib/python3.12/site-packages/abstract_ide/consoles/apiTab/main.py - ✖ GET https://abstractendeavors.com/utils/endpoints — NetworkError.ContentNotFoundError: Error transferring https://abstractendeavors.com/utils/endpoints - server replied: 
2025-09-09 21:02:47,332 - INFO - /home/computron/miniconda/lib/python3.12/site-packages/abstract_ide/consoles/apiTab/main.py - → GET https://abstractendeavors.com/api/endpoints
2025-09-09 21:02:47,566 - INFO - /home/computron/miniconda/lib/python3.12/site-packages/abstract_ide/consoles/apiTab/main.py - ✔ GET https://abstractendeavors.com/api/endpoints
2025-09-09 21:03:16,031 - INFO - /home/computron/miniconda/lib/python3.12/site-packages/abstract_ide/consoles/apiTab/main.py - → GET https://abstractendeavors.com/api/secure-files/login | headers={'Content-Type': 'application/json', 'Accept': 'application/json', 'Authorization': 'Bearer'} | params={}
2025-09-09 21:03:16,048 - ERROR - /home/computron/miniconda/lib/python3.12/site-packages/abstract_ide/consoles/apiTab/main.py - ✖ GET https://abstractendeavors.com/api/secure-files/login — NetworkError.ContentNotFoundError: Error transferring https://abstractendeavors.com/api/secure-files/login - server replied: 
2025-09-09 21:03:20,716 - INFO - /home/computron/miniconda/lib/python3.12/site-packages/abstract_ide/consoles/apiTab/main.py - → GET https://abstractendeavors.com/api/secure-files/login | headers={'Content-Type': 'application/json', 'Accept': 'application/json', 'Authorization': 'Bearer'} | params={}
2025-09-09 21:03:20,719 - ERROR - /home/computron/miniconda/lib/python3.12/site-packages/abstract_ide/consoles/apiTab/main.py - ✖ GET https://abstractendeavors.com/api/secure-files/login — NetworkError.ContentNotFoundError: Error transferring https://abstractendeavors.com/api/secure-files/login - server replied: 
2025-09-09 21:03:40,282 - INFO - /home/computron/miniconda/lib/python3.12/site-packages/abstract_ide/consoles/apiTab/main.py - → GET https://abstractendeavors.com/api/api/endpoints | headers={'Content-Type': 'application/json', 'Accept': 'application/json', 'Authorization': 'Bearer'} | params={}
2025-09-09 21:03:40,285 - ERROR - /home/computron/miniconda/lib/python3.12/site-packages/abstract_ide/consoles/apiTab/main.py - ✖ GET https://abstractendeavors.com/api/api/endpoints — NetworkError.ContentNotFoundError: Error transferring https://abstractendeavors.com/api/api/endpoints - server replied: 
2025-09-09 21:03:47,026 - INFO - /home/computron/miniconda/lib/python3.12/site-packages/abstract_ide/consoles/apiTab/main.py - → GET https://clownworld.biz/api/secure-files/login | headers={'Content-Type': 'application/json', 'Accept': 'application/json', 'Authorization': 'Bearer'} | params={}
2025-09-09 21:03:47,132 - INFO - /home/computron/miniconda/lib/python3.12/site-packages/abstract_ide/consoles/apiTab/main.py - ✔ GET https://clownworld.biz/api/secure-files/login
2025-09-09 21:21:41,046 - INFO - /home/computron/miniconda/lib/python3.12/site-packages/abstract_ide/consoles/apiTab/main.py - → GET https://clownworld.biz/api/secure-files/secure-download/ | headers={'Content-Type': 'application/json', 'Accept': 'application/json', 'Authorization': 'Bearer'} | params={}
2025-09-09 21:21:41,141 - INFO - /home/computron/miniconda/lib/python3.12/site-packages/abstract_ide/consoles/apiTab/main.py - ✔ GET https://clownworld.biz/api/secure-files/secure-download/
