2025-09-06 15:50:45,906 - INFO - /home/computron/Documents/pythonTools/modules/abstract_clipit/src/abstract_clipit/imports/utils.py - pieces = []
strings == []
2025-09-06 15:50:45,909 - INFO - /home/computron/Documents/pythonTools/modules/abstract_clipit/src/abstract_clipit/imports/utils.py - pieces = []
strings == []
2025-09-06 15:50:45,911 - INFO - /home/computron/Documents/pythonTools/modules/abstract_clipit/src/abstract_clipit/imports/utils.py - pieces = []
strings == []
2025-09-06 15:50:45,914 - INFO - /home/computron/Documents/pythonTools/modules/abstract_clipit/src/abstract_clipit/imports/utils.py - pieces = []
strings == []
2025-09-06 15:50:45,916 - INFO - /home/computron/Documents/pythonTools/modules/abstract_clipit/src/abstract_clipit/imports/utils.py - pieces = []
strings == []
2025-09-06 15:50:45,918 - INFO - /home/computron/Documents/pythonTools/modules/abstract_clipit/src/abstract_clipit/imports/utils.py - pieces = []
strings == []
2025-09-06 15:50:45,920 - INFO - /home/computron/Documents/pythonTools/modules/abstract_clipit/src/abstract_clipit/imports/utils.py - pieces = []
strings == []
2025-09-06 15:50:45,922 - INFO - /home/computron/Documents/pythonTools/modules/abstract_clipit/src/abstract_clipit/imports/utils.py - pieces = []
strings == []
2025-09-06 15:50:45,924 - INFO - /home/computron/Documents/pythonTools/modules/abstract_clipit/src/abstract_clipit/imports/utils.py - pieces = []
strings == []
2025-09-06 15:50:45,926 - INFO - /home/computron/Documents/pythonTools/modules/abstract_clipit/src/abstract_clipit/imports/utils.py - pieces = []
strings == []
2025-09-06 15:50:45,928 - INFO - /home/computron/Documents/pythonTools/modules/abstract_clipit/src/abstract_clipit/imports/utils.py - pieces = []
strings == []
2025-09-06 15:50:45,930 - INFO - /home/computron/Documents/pythonTools/modules/abstract_clipit/src/abstract_clipit/imports/utils.py - pieces = []
strings == []
2025-09-06 15:50:45,932 - INFO - /home/computron/Documents/pythonTools/modules/abstract_clipit/src/abstract_clipit/imports/utils.py - pieces = []
strings == []
2025-09-06 15:50:45,934 - INFO - /home/computron/Documents/pythonTools/modules/abstract_clipit/src/abstract_clipit/imports/utils.py - pieces = []
strings == []
2025-09-06 15:50:45,936 - INFO - /home/computron/Documents/pythonTools/modules/abstract_clipit/src/abstract_clipit/imports/utils.py - pieces = []
strings == []
2025-09-06 15:50:45,938 - INFO - /home/computron/Documents/pythonTools/modules/abstract_clipit/src/abstract_clipit/imports/utils.py - pieces = []
strings == []
2025-09-06 15:50:45,940 - INFO - /home/computron/Documents/pythonTools/modules/abstract_clipit/src/abstract_clipit/imports/utils.py - pieces = []
strings == []
2025-09-06 15:56:37,489 - INFO - /home/computron/Documents/pythonTools/modules/abstract_clipit/src/abstract_clipit/imports/utils.py - pieces = []
strings == []
2025-09-06 15:56:37,501 - INFO - /home/computron/Documents/pythonTools/modules/abstract_clipit/src/abstract_clipit/imports/utils.py - pieces = []
strings == []
2025-09-06 15:56:37,522 - INFO - /home/computron/Documents/pythonTools/modules/abstract_clipit/src/abstract_clipit/imports/utils.py - pieces = []
strings == []
2025-09-06 15:56:37,540 - INFO - /home/computron/Documents/pythonTools/modules/abstract_clipit/src/abstract_clipit/imports/utils.py - pieces = []
strings == []
2025-09-06 15:56:37,552 - INFO - /home/computron/Documents/pythonTools/modules/abstract_clipit/src/abstract_clipit/imports/utils.py - pieces = []
strings == []
2025-09-06 15:56:37,573 - INFO - /home/computron/Documents/pythonTools/modules/abstract_clipit/src/abstract_clipit/imports/utils.py - pieces = []
strings == []
2025-09-06 15:56:37,585 - INFO - /home/computron/Documents/pythonTools/modules/abstract_clipit/src/abstract_clipit/imports/utils.py - pieces = []
strings == []
2025-09-06 15:56:37,609 - INFO - /home/computron/Documents/pythonTools/modules/abstract_clipit/src/abstract_clipit/imports/utils.py - pieces = []
strings == []
2025-09-06 15:56:37,631 - INFO - /home/computron/Documents/pythonTools/modules/abstract_clipit/src/abstract_clipit/imports/utils.py - pieces = []
strings == []
2025-09-06 15:56:37,642 - INFO - /home/computron/Documents/pythonTools/modules/abstract_clipit/src/abstract_clipit/imports/utils.py - pieces = []
strings == []
2025-09-06 15:56:37,666 - INFO - /home/computron/Documents/pythonTools/modules/abstract_clipit/src/abstract_clipit/imports/utils.py - pieces = []
strings == []
2025-09-06 15:56:37,680 - INFO - /home/computron/Documents/pythonTools/modules/abstract_clipit/src/abstract_clipit/imports/utils.py - pieces = []
strings == []
2025-09-06 15:56:37,702 - INFO - /home/computron/Documents/pythonTools/modules/abstract_clipit/src/abstract_clipit/imports/utils.py - pieces = []
strings == []
2025-09-06 15:56:37,715 - INFO - /home/computron/Documents/pythonTools/modules/abstract_clipit/src/abstract_clipit/imports/utils.py - pieces = []
strings == []
2025-09-06 15:56:37,733 - INFO - /home/computron/Documents/pythonTools/modules/abstract_clipit/src/abstract_clipit/imports/utils.py - pieces = []
strings == []
2025-09-06 15:56:37,754 - INFO - /home/computron/Documents/pythonTools/modules/abstract_clipit/src/abstract_clipit/imports/utils.py - pieces = []
strings == []
2025-09-06 15:56:37,769 - INFO - /home/computron/Documents/pythonTools/modules/abstract_clipit/src/abstract_clipit/imports/utils.py - pieces = []
strings == []
2025-09-06 15:56:37,771 - INFO - /home/computron/Documents/pythonTools/modules/abstract_clipit/src/abstract_clipit/imports/utils.py - pieces = []
strings == []
2025-09-06 15:56:37,788 - INFO - /home/computron/Documents/pythonTools/modules/abstract_clipit/src/abstract_clipit/imports/utils.py - pieces = []
strings == []
2025-09-06 15:56:37,809 - INFO - /home/computron/Documents/pythonTools/modules/abstract_clipit/src/abstract_clipit/imports/utils.py - pieces = []
strings == []
2025-09-06 15:56:37,812 - INFO - /home/computron/Documents/pythonTools/modules/abstract_clipit/src/abstract_clipit/imports/utils.py - pieces = []
strings == []
2025-09-06 15:56:37,822 - INFO - /home/computron/Documents/pythonTools/modules/abstract_clipit/src/abstract_clipit/imports/utils.py - pieces = []
strings == []
2025-09-06 15:56:37,845 - INFO - /home/computron/Documents/pythonTools/modules/abstract_clipit/src/abstract_clipit/imports/utils.py - pieces = []
strings == []
2025-09-06 15:56:37,867 - INFO - /home/computron/Documents/pythonTools/modules/abstract_clipit/src/abstract_clipit/imports/utils.py - pieces = []
strings == []
2025-09-06 15:56:37,877 - INFO - /home/computron/Documents/pythonTools/modules/abstract_clipit/src/abstract_clipit/imports/utils.py - pieces = []
strings == []
2025-09-06 15:56:37,900 - INFO - /home/computron/Documents/pythonTools/modules/abstract_clipit/src/abstract_clipit/imports/utils.py - pieces = []
strings == []
2025-09-06 15:56:37,925 - INFO - /home/computron/Documents/pythonTools/modules/abstract_clipit/src/abstract_clipit/imports/utils.py - pieces = []
strings == []
2025-09-06 15:56:37,948 - INFO - /home/computron/Documents/pythonTools/modules/abstract_clipit/src/abstract_clipit/imports/utils.py - pieces = []
strings == []
2025-09-06 15:56:37,968 - INFO - /home/computron/Documents/pythonTools/modules/abstract_clipit/src/abstract_clipit/imports/utils.py - pieces = []
strings == []
2025-09-06 15:56:37,992 - INFO - /home/computron/Documents/pythonTools/modules/abstract_clipit/src/abstract_clipit/imports/utils.py - pieces = []
strings == []
2025-09-06 15:56:38,005 - INFO - /home/computron/Documents/pythonTools/modules/abstract_clipit/src/abstract_clipit/imports/utils.py - pieces = []
strings == []
2025-09-06 15:56:38,008 - INFO - /home/computron/Documents/pythonTools/modules/abstract_clipit/src/abstract_clipit/imports/utils.py - pieces = []
strings == []
2025-09-06 15:56:38,021 - INFO - /home/computron/Documents/pythonTools/modules/abstract_clipit/src/abstract_clipit/imports/utils.py - pieces = []
strings == []
2025-09-06 15:56:38,024 - INFO - /home/computron/Documents/pythonTools/modules/abstract_clipit/src/abstract_clipit/imports/utils.py - pieces = []
strings == []
2025-09-06 15:56:38,027 - INFO - /home/computron/Documents/pythonTools/modules/abstract_clipit/src/abstract_clipit/imports/utils.py - pieces = []
strings == []
2025-09-06 15:56:38,030 - INFO - /home/computron/Documents/pythonTools/modules/abstract_clipit/src/abstract_clipit/imports/utils.py - pieces = []
strings == []
2025-09-06 15:56:38,068 - INFO - /home/computron/Documents/pythonTools/modules/abstract_clipit/src/abstract_clipit/imports/utils.py - pieces = []
strings == []
2025-09-06 15:56:38,088 - INFO - /home/computron/Documents/pythonTools/modules/abstract_clipit/src/abstract_clipit/imports/utils.py - pieces = []
strings == []
2025-09-06 15:56:38,118 - INFO - /home/computron/Documents/pythonTools/modules/abstract_clipit/src/abstract_clipit/imports/utils.py - pieces = []
strings == []
2025-09-06 15:57:01,575 - INFO - /home/computron/Documents/pythonTools/modules/abstract_clipit/src/abstract_clipit/imports/utils.py - pieces = []
strings == []
2025-09-06 15:57:01,599 - INFO - /home/computron/Documents/pythonTools/modules/abstract_clipit/src/abstract_clipit/imports/utils.py - pieces = []
strings == []
2025-09-06 15:57:01,612 - INFO - /home/computron/Documents/pythonTools/modules/abstract_clipit/src/abstract_clipit/imports/utils.py - pieces = []
strings == []
2025-09-06 15:57:01,630 - INFO - /home/computron/Documents/pythonTools/modules/abstract_clipit/src/abstract_clipit/imports/utils.py - pieces = []
strings == []
2025-09-06 15:57:01,657 - INFO - /home/computron/Documents/pythonTools/modules/abstract_clipit/src/abstract_clipit/imports/utils.py - pieces = []
strings == []
2025-09-06 15:57:01,681 - INFO - /home/computron/Documents/pythonTools/modules/abstract_clipit/src/abstract_clipit/imports/utils.py - pieces = []
strings == []
2025-09-06 15:57:01,705 - INFO - /home/computron/Documents/pythonTools/modules/abstract_clipit/src/abstract_clipit/imports/utils.py - pieces = []
strings == []
2025-09-06 15:57:01,728 - INFO - /home/computron/Documents/pythonTools/modules/abstract_clipit/src/abstract_clipit/imports/utils.py - pieces = []
strings == []
2025-09-06 15:57:01,750 - INFO - /home/computron/Documents/pythonTools/modules/abstract_clipit/src/abstract_clipit/imports/utils.py - pieces = []
strings == []
2025-09-06 15:57:01,779 - INFO - /home/computron/Documents/pythonTools/modules/abstract_clipit/src/abstract_clipit/imports/utils.py - pieces = []
strings == []
2025-09-06 15:57:01,805 - INFO - /home/computron/Documents/pythonTools/modules/abstract_clipit/src/abstract_clipit/imports/utils.py - pieces = []
strings == []
2025-09-06 15:57:01,828 - INFO - /home/computron/Documents/pythonTools/modules/abstract_clipit/src/abstract_clipit/imports/utils.py - pieces = []
strings == []
2025-09-06 15:57:01,855 - INFO - /home/computron/Documents/pythonTools/modules/abstract_clipit/src/abstract_clipit/imports/utils.py - pieces = []
strings == []
2025-09-06 15:57:01,877 - INFO - /home/computron/Documents/pythonTools/modules/abstract_clipit/src/abstract_clipit/imports/utils.py - pieces = []
strings == []
2025-09-06 15:57:01,900 - INFO - /home/computron/Documents/pythonTools/modules/abstract_clipit/src/abstract_clipit/imports/utils.py - pieces = []
strings == []
2025-09-06 15:57:01,924 - INFO - /home/computron/Documents/pythonTools/modules/abstract_clipit/src/abstract_clipit/imports/utils.py - pieces = []
strings == []
2025-09-06 15:57:01,946 - INFO - /home/computron/Documents/pythonTools/modules/abstract_clipit/src/abstract_clipit/imports/utils.py - pieces = []
strings == []
2025-09-06 15:57:01,969 - INFO - /home/computron/Documents/pythonTools/modules/abstract_clipit/src/abstract_clipit/imports/utils.py - pieces = []
strings == []
2025-09-06 15:57:01,993 - INFO - /home/computron/Documents/pythonTools/modules/abstract_clipit/src/abstract_clipit/imports/utils.py - pieces = []
strings == []
2025-09-06 15:57:02,018 - INFO - /home/computron/Documents/pythonTools/modules/abstract_clipit/src/abstract_clipit/imports/utils.py - pieces = []
strings == []
2025-09-06 15:57:02,041 - INFO - /home/computron/Documents/pythonTools/modules/abstract_clipit/src/abstract_clipit/imports/utils.py - pieces = []
strings == []
2025-09-06 15:57:02,050 - INFO - /home/computron/Documents/pythonTools/modules/abstract_clipit/src/abstract_clipit/imports/utils.py - pieces = []
strings == []
2025-09-06 15:57:02,062 - INFO - /home/computron/Documents/pythonTools/modules/abstract_clipit/src/abstract_clipit/imports/utils.py - pieces = []
strings == []
2025-09-06 15:57:02,064 - INFO - /home/computron/Documents/pythonTools/modules/abstract_clipit/src/abstract_clipit/imports/utils.py - pieces = []
strings == []
2025-09-06 15:57:02,090 - INFO - /home/computron/Documents/pythonTools/modules/abstract_clipit/src/abstract_clipit/imports/utils.py - pieces = []
strings == []
2025-09-06 15:57:02,103 - INFO - /home/computron/Documents/pythonTools/modules/abstract_clipit/src/abstract_clipit/imports/utils.py - pieces = []
strings == []
2025-09-06 15:57:02,105 - INFO - /home/computron/Documents/pythonTools/modules/abstract_clipit/src/abstract_clipit/imports/utils.py - pieces = []
strings == []
2025-09-06 15:57:02,116 - INFO - /home/computron/Documents/pythonTools/modules/abstract_clipit/src/abstract_clipit/imports/utils.py - pieces = []
strings == []
2025-09-06 15:57:02,119 - INFO - /home/computron/Documents/pythonTools/modules/abstract_clipit/src/abstract_clipit/imports/utils.py - pieces = []
strings == []
2025-09-06 15:57:02,141 - INFO - /home/computron/Documents/pythonTools/modules/abstract_clipit/src/abstract_clipit/imports/utils.py - pieces = []
strings == []
2025-09-06 15:57:23,687 - INFO - /home/computron/Documents/pythonTools/modules/abstract_clipit/src/abstract_clipit/imports/utils.py - pieces = []
strings == []
2025-09-06 15:57:23,704 - INFO - /home/computron/Documents/pythonTools/modules/abstract_clipit/src/abstract_clipit/imports/utils.py - pieces = []
strings == []
2025-09-06 15:57:23,722 - INFO - /home/computron/Documents/pythonTools/modules/abstract_clipit/src/abstract_clipit/imports/utils.py - pieces = []
strings == []
2025-09-06 15:57:23,735 - INFO - /home/computron/Documents/pythonTools/modules/abstract_clipit/src/abstract_clipit/imports/utils.py - pieces = []
strings == []
2025-09-06 15:57:23,738 - INFO - /home/computron/Documents/pythonTools/modules/abstract_clipit/src/abstract_clipit/imports/utils.py - pieces = []
strings == []
2025-09-06 15:57:23,759 - INFO - /home/computron/Documents/pythonTools/modules/abstract_clipit/src/abstract_clipit/imports/utils.py - pieces = []
strings == []
2025-09-06 15:57:23,784 - INFO - /home/computron/Documents/pythonTools/modules/abstract_clipit/src/abstract_clipit/imports/utils.py - pieces = []
strings == []
2025-09-06 15:57:23,797 - INFO - /home/computron/Documents/pythonTools/modules/abstract_clipit/src/abstract_clipit/imports/utils.py - pieces = []
strings == []
2025-09-06 15:57:23,822 - INFO - /home/computron/Documents/pythonTools/modules/abstract_clipit/src/abstract_clipit/imports/utils.py - pieces = []
strings == []
2025-09-06 15:57:23,848 - INFO - /home/computron/Documents/pythonTools/modules/abstract_clipit/src/abstract_clipit/imports/utils.py - pieces = []
strings == []
2025-09-06 15:57:23,873 - INFO - /home/computron/Documents/pythonTools/modules/abstract_clipit/src/abstract_clipit/imports/utils.py - pieces = []
strings == []
2025-09-06 15:57:23,897 - INFO - /home/computron/Documents/pythonTools/modules/abstract_clipit/src/abstract_clipit/imports/utils.py - pieces = []
strings == []
2025-09-06 15:57:23,911 - INFO - /home/computron/Documents/pythonTools/modules/abstract_clipit/src/abstract_clipit/imports/utils.py - pieces = []
strings == []
2025-09-06 15:57:23,936 - INFO - /home/computron/Documents/pythonTools/modules/abstract_clipit/src/abstract_clipit/imports/utils.py - pieces = []
strings == []
2025-09-06 15:57:23,938 - INFO - /home/computron/Documents/pythonTools/modules/abstract_clipit/src/abstract_clipit/imports/utils.py - pieces = []
strings == []
2025-09-06 15:57:23,950 - INFO - /home/computron/Documents/pythonTools/modules/abstract_clipit/src/abstract_clipit/imports/utils.py - pieces = []
strings == []
2025-09-06 15:57:23,970 - INFO - /home/computron/Documents/pythonTools/modules/abstract_clipit/src/abstract_clipit/imports/utils.py - pieces = []
strings == []
2025-09-06 16:15:11,058 - INFO - /home/computron/Documents/pythonTools/modules/abstract_clipit/src/abstract_clipit/imports/utils.py - pieces = []
strings == []
2025-09-06 16:15:11,077 - INFO - /home/computron/Documents/pythonTools/modules/abstract_clipit/src/abstract_clipit/imports/utils.py - pieces = []
strings == []
2025-09-06 16:15:11,089 - INFO - /home/computron/Documents/pythonTools/modules/abstract_clipit/src/abstract_clipit/imports/utils.py - pieces = []
strings == []
2025-09-06 16:15:11,101 - INFO - /home/computron/Documents/pythonTools/modules/abstract_clipit/src/abstract_clipit/imports/utils.py - pieces = []
strings == []
2025-09-06 16:15:11,104 - INFO - /home/computron/Documents/pythonTools/modules/abstract_clipit/src/abstract_clipit/imports/utils.py - pieces = []
strings == []
2025-09-06 16:15:11,126 - INFO - /home/computron/Documents/pythonTools/modules/abstract_clipit/src/abstract_clipit/imports/utils.py - pieces = []
strings == []
2025-09-06 16:15:11,149 - INFO - /home/computron/Documents/pythonTools/modules/abstract_clipit/src/abstract_clipit/imports/utils.py - pieces = []
strings == []
2025-09-06 16:15:11,172 - INFO - /home/computron/Documents/pythonTools/modules/abstract_clipit/src/abstract_clipit/imports/utils.py - pieces = []
strings == []
2025-09-06 16:15:11,193 - INFO - /home/computron/Documents/pythonTools/modules/abstract_clipit/src/abstract_clipit/imports/utils.py - pieces = []
strings == []
2025-09-06 16:15:11,205 - INFO - /home/computron/Documents/pythonTools/modules/abstract_clipit/src/abstract_clipit/imports/utils.py - pieces = []
strings == []
2025-09-06 16:15:11,208 - INFO - /home/computron/Documents/pythonTools/modules/abstract_clipit/src/abstract_clipit/imports/utils.py - pieces = []
strings == []
2025-09-06 16:15:11,233 - INFO - /home/computron/Documents/pythonTools/modules/abstract_clipit/src/abstract_clipit/imports/utils.py - pieces = []
strings == []
2025-09-06 16:15:11,236 - INFO - /home/computron/Documents/pythonTools/modules/abstract_clipit/src/abstract_clipit/imports/utils.py - pieces = []
strings == []
2025-09-06 16:15:11,257 - INFO - /home/computron/Documents/pythonTools/modules/abstract_clipit/src/abstract_clipit/imports/utils.py - pieces = []
strings == []
2025-09-06 16:15:11,281 - INFO - /home/computron/Documents/pythonTools/modules/abstract_clipit/src/abstract_clipit/imports/utils.py - pieces = []
strings == []
2025-09-06 16:15:11,305 - INFO - /home/computron/Documents/pythonTools/modules/abstract_clipit/src/abstract_clipit/imports/utils.py - pieces = []
strings == []
2025-09-06 16:15:11,331 - INFO - /home/computron/Documents/pythonTools/modules/abstract_clipit/src/abstract_clipit/imports/utils.py - pieces = []
strings == []
2025-11-01 17:40:51,280 - INFO - /home/flerb/Documents/pythonTools/modules/src/modules/abstract_clipit/src/abstract_clipit/imports/utils.py - pieces = []
strings == []
2025-11-01 17:40:51,291 - INFO - /home/flerb/Documents/pythonTools/modules/src/modules/abstract_clipit/src/abstract_clipit/imports/utils.py - pieces = []
strings == []
2025-11-01 17:40:51,292 - INFO - /home/flerb/Documents/pythonTools/modules/src/modules/abstract_clipit/src/abstract_clipit/imports/utils.py - pieces = []
strings == []
2025-11-01 17:40:51,294 - INFO - /home/flerb/Documents/pythonTools/modules/src/modules/abstract_clipit/src/abstract_clipit/imports/utils.py - pieces = []
strings == []
2025-11-01 17:40:51,296 - INFO - /home/flerb/Documents/pythonTools/modules/src/modules/abstract_clipit/src/abstract_clipit/imports/utils.py - pieces = []
strings == []
2025-11-01 17:40:51,299 - INFO - /home/flerb/Documents/pythonTools/modules/src/modules/abstract_clipit/src/abstract_clipit/imports/utils.py - pieces = []
strings == []
2025-11-01 17:40:51,301 - INFO - /home/flerb/Documents/pythonTools/modules/src/modules/abstract_clipit/src/abstract_clipit/imports/utils.py - pieces = []
strings == []
2025-11-01 17:40:51,303 - INFO - /home/flerb/Documents/pythonTools/modules/src/modules/abstract_clipit/src/abstract_clipit/imports/utils.py - pieces = []
strings == []
2025-11-01 17:40:51,305 - INFO - /home/flerb/Documents/pythonTools/modules/src/modules/abstract_clipit/src/abstract_clipit/imports/utils.py - pieces = []
strings == []
2025-11-01 17:40:51,307 - INFO - /home/flerb/Documents/pythonTools/modules/src/modules/abstract_clipit/src/abstract_clipit/imports/utils.py - pieces = []
strings == []
2025-11-01 17:40:51,310 - INFO - /home/flerb/Documents/pythonTools/modules/src/modules/abstract_clipit/src/abstract_clipit/imports/utils.py - pieces = []
strings == []
2025-11-01 17:40:51,312 - INFO - /home/flerb/Documents/pythonTools/modules/src/modules/abstract_clipit/src/abstract_clipit/imports/utils.py - pieces = []
strings == []
2025-11-01 17:40:51,314 - INFO - /home/flerb/Documents/pythonTools/modules/src/modules/abstract_clipit/src/abstract_clipit/imports/utils.py - pieces = []
strings == []
2025-11-01 17:40:51,317 - INFO - /home/flerb/Documents/pythonTools/modules/src/modules/abstract_clipit/src/abstract_clipit/imports/utils.py - pieces = []
strings == []
2025-11-01 17:40:51,319 - INFO - /home/flerb/Documents/pythonTools/modules/src/modules/abstract_clipit/src/abstract_clipit/imports/utils.py - pieces = []
strings == []
2025-11-01 17:40:51,321 - INFO - /home/flerb/Documents/pythonTools/modules/src/modules/abstract_clipit/src/abstract_clipit/imports/utils.py - pieces = []
strings == []
2025-11-01 17:40:51,324 - INFO - /home/flerb/Documents/pythonTools/modules/src/modules/abstract_clipit/src/abstract_clipit/imports/utils.py - pieces = []
strings == []
2025-11-01 17:40:51,326 - INFO - /home/flerb/Documents/pythonTools/modules/src/modules/abstract_clipit/src/abstract_clipit/imports/utils.py - pieces = []
strings == []
2025-11-01 17:40:51,328 - INFO - /home/flerb/Documents/pythonTools/modules/src/modules/abstract_clipit/src/abstract_clipit/imports/utils.py - pieces = []
strings == []
2025-11-01 17:40:51,330 - INFO - /home/flerb/Documents/pythonTools/modules/src/modules/abstract_clipit/src/abstract_clipit/imports/utils.py - pieces = []
strings == []
2025-11-01 17:40:51,333 - INFO - /home/flerb/Documents/pythonTools/modules/src/modules/abstract_clipit/src/abstract_clipit/imports/utils.py - pieces = []
strings == []
2025-11-01 17:40:51,335 - INFO - /home/flerb/Documents/pythonTools/modules/src/modules/abstract_clipit/src/abstract_clipit/imports/utils.py - pieces = []
strings == []
2025-11-01 17:40:51,337 - INFO - /home/flerb/Documents/pythonTools/modules/src/modules/abstract_clipit/src/abstract_clipit/imports/utils.py - pieces = []
strings == []
2025-11-01 17:40:51,340 - INFO - /home/flerb/Documents/pythonTools/modules/src/modules/abstract_clipit/src/abstract_clipit/imports/utils.py - pieces = []
strings == []
2025-11-01 17:40:51,342 - INFO - /home/flerb/Documents/pythonTools/modules/src/modules/abstract_clipit/src/abstract_clipit/imports/utils.py - pieces = []
strings == []
2025-11-01 17:40:51,344 - INFO - /home/flerb/Documents/pythonTools/modules/src/modules/abstract_clipit/src/abstract_clipit/imports/utils.py - pieces = []
strings == []
2025-11-01 17:40:51,346 - INFO - /home/flerb/Documents/pythonTools/modules/src/modules/abstract_clipit/src/abstract_clipit/imports/utils.py - pieces = []
strings == []
2025-11-01 17:40:51,349 - INFO - /home/flerb/Documents/pythonTools/modules/src/modules/abstract_clipit/src/abstract_clipit/imports/utils.py - pieces = []
strings == []
2025-11-03 18:19:30,702 - INFO - /home/flerb/Documents/pythonTools/modules/src/modules/abstract_clipit/src/abstract_clipit/imports/utils.py - [2025-11-03 18:19:30] View Array.
2025-11-03 18:19:31,282 - INFO - /home/flerb/Documents/pythonTools/modules/src/modules/abstract_clipit/src/abstract_clipit/imports/utils.py - [2025-11-03 18:19:31] Logs shown.
2025-11-03 18:19:43,572 - INFO - /home/flerb/Documents/pythonTools/modules/src/modules/abstract_clipit/src/abstract_clipit/imports/utils.py - pieces = []
strings == []
2025-11-03 18:19:43,574 - INFO - /home/flerb/Documents/pythonTools/modules/src/modules/abstract_clipit/src/abstract_clipit/imports/utils.py - pieces = []
strings == []
2025-11-03 18:19:43,576 - INFO - /home/flerb/Documents/pythonTools/modules/src/modules/abstract_clipit/src/abstract_clipit/imports/utils.py - pieces = []
strings == []
2025-11-03 18:19:43,578 - INFO - /home/flerb/Documents/pythonTools/modules/src/modules/abstract_clipit/src/abstract_clipit/imports/utils.py - pieces = []
strings == []
2025-11-03 18:19:43,580 - INFO - /home/flerb/Documents/pythonTools/modules/src/modules/abstract_clipit/src/abstract_clipit/imports/utils.py - pieces = []
strings == []
2025-11-03 18:19:43,583 - INFO - /home/flerb/Documents/pythonTools/modules/src/modules/abstract_clipit/src/abstract_clipit/imports/utils.py - pieces = []
strings == []
2025-11-03 18:19:43,585 - INFO - /home/flerb/Documents/pythonTools/modules/src/modules/abstract_clipit/src/abstract_clipit/imports/utils.py - pieces = []
strings == []
2025-11-03 18:19:43,587 - INFO - /home/flerb/Documents/pythonTools/modules/src/modules/abstract_clipit/src/abstract_clipit/imports/utils.py - pieces = []
strings == []
2025-11-03 18:19:43,589 - INFO - /home/flerb/Documents/pythonTools/modules/src/modules/abstract_clipit/src/abstract_clipit/imports/utils.py - pieces = []
strings == []
2025-11-03 18:19:43,591 - INFO - /home/flerb/Documents/pythonTools/modules/src/modules/abstract_clipit/src/abstract_clipit/imports/utils.py - pieces = []
strings == []
2025-11-03 18:19:43,594 - INFO - /home/flerb/Documents/pythonTools/modules/src/modules/abstract_clipit/src/abstract_clipit/imports/utils.py - pieces = []
strings == []
2025-11-03 18:19:43,596 - INFO - /home/flerb/Documents/pythonTools/modules/src/modules/abstract_clipit/src/abstract_clipit/imports/utils.py - pieces = []
strings == []
2025-11-03 18:19:43,598 - INFO - /home/flerb/Documents/pythonTools/modules/src/modules/abstract_clipit/src/abstract_clipit/imports/utils.py - pieces = []
strings == []
2025-11-03 18:19:43,601 - INFO - /home/flerb/Documents/pythonTools/modules/src/modules/abstract_clipit/src/abstract_clipit/imports/utils.py - pieces = []
strings == []
2025-11-03 18:19:43,603 - INFO - /home/flerb/Documents/pythonTools/modules/src/modules/abstract_clipit/src/abstract_clipit/imports/utils.py - pieces = []
strings == []
2025-11-03 18:19:43,605 - INFO - /home/flerb/Documents/pythonTools/modules/src/modules/abstract_clipit/src/abstract_clipit/imports/utils.py - pieces = []
strings == []
2025-11-03 18:19:43,607 - INFO - /home/flerb/Documents/pythonTools/modules/src/modules/abstract_clipit/src/abstract_clipit/imports/utils.py - pieces = []
strings == []
2025-11-03 18:19:43,610 - INFO - /home/flerb/Documents/pythonTools/modules/src/modules/abstract_clipit/src/abstract_clipit/imports/utils.py - pieces = []
strings == []
2025-11-03 18:19:43,612 - INFO - /home/flerb/Documents/pythonTools/modules/src/modules/abstract_clipit/src/abstract_clipit/imports/utils.py - pieces = []
strings == []
2025-11-03 18:19:43,614 - INFO - /home/flerb/Documents/pythonTools/modules/src/modules/abstract_clipit/src/abstract_clipit/imports/utils.py - pieces = []
strings == []
2025-11-03 18:19:43,617 - INFO - /home/flerb/Documents/pythonTools/modules/src/modules/abstract_clipit/src/abstract_clipit/imports/utils.py - pieces = []
strings == []
2025-11-03 18:19:43,619 - INFO - /home/flerb/Documents/pythonTools/modules/src/modules/abstract_clipit/src/abstract_clipit/imports/utils.py - pieces = []
strings == []
2025-11-03 18:19:43,621 - INFO - /home/flerb/Documents/pythonTools/modules/src/modules/abstract_clipit/src/abstract_clipit/imports/utils.py - pieces = []
strings == []
2025-11-03 18:19:43,624 - INFO - /home/flerb/Documents/pythonTools/modules/src/modules/abstract_clipit/src/abstract_clipit/imports/utils.py - pieces = []
strings == []
2025-11-03 18:19:43,626 - INFO - /home/flerb/Documents/pythonTools/modules/src/modules/abstract_clipit/src/abstract_clipit/imports/utils.py - pieces = []
strings == []
2025-11-03 18:19:43,628 - INFO - /home/flerb/Documents/pythonTools/modules/src/modules/abstract_clipit/src/abstract_clipit/imports/utils.py - pieces = []
strings == []
2025-11-03 18:19:43,631 - INFO - /home/flerb/Documents/pythonTools/modules/src/modules/abstract_clipit/src/abstract_clipit/imports/utils.py - pieces = []
strings == []
2025-11-03 18:20:03,576 - INFO - /home/flerb/Documents/pythonTools/modules/src/modules/abstract_clipit/src/abstract_clipit/imports/utils.py - pieces = []
strings == []
2025-11-03 18:20:03,578 - INFO - /home/flerb/Documents/pythonTools/modules/src/modules/abstract_clipit/src/abstract_clipit/imports/utils.py - pieces = []
strings == []
2025-11-03 18:20:03,580 - INFO - /home/flerb/Documents/pythonTools/modules/src/modules/abstract_clipit/src/abstract_clipit/imports/utils.py - pieces = []
strings == []
2025-11-03 18:20:03,582 - INFO - /home/flerb/Documents/pythonTools/modules/src/modules/abstract_clipit/src/abstract_clipit/imports/utils.py - pieces = []
strings == []
2025-11-03 18:20:03,584 - INFO - /home/flerb/Documents/pythonTools/modules/src/modules/abstract_clipit/src/abstract_clipit/imports/utils.py - pieces = []
strings == []
2025-11-03 18:20:03,586 - INFO - /home/flerb/Documents/pythonTools/modules/src/modules/abstract_clipit/src/abstract_clipit/imports/utils.py - pieces = []
strings == []
2025-11-03 18:20:03,588 - INFO - /home/flerb/Documents/pythonTools/modules/src/modules/abstract_clipit/src/abstract_clipit/imports/utils.py - pieces = []
strings == []
2025-11-03 18:20:03,590 - INFO - /home/flerb/Documents/pythonTools/modules/src/modules/abstract_clipit/src/abstract_clipit/imports/utils.py - pieces = []
strings == []
2025-11-03 18:20:03,592 - INFO - /home/flerb/Documents/pythonTools/modules/src/modules/abstract_clipit/src/abstract_clipit/imports/utils.py - pieces = []
strings == []
2025-11-03 18:20:03,595 - INFO - /home/flerb/Documents/pythonTools/modules/src/modules/abstract_clipit/src/abstract_clipit/imports/utils.py - pieces = []
strings == []
2025-11-03 18:20:03,597 - INFO - /home/flerb/Documents/pythonTools/modules/src/modules/abstract_clipit/src/abstract_clipit/imports/utils.py - pieces = []
strings == []
2025-11-03 18:20:03,599 - INFO - /home/flerb/Documents/pythonTools/modules/src/modules/abstract_clipit/src/abstract_clipit/imports/utils.py - pieces = []
strings == []
2025-11-03 18:20:03,602 - INFO - /home/flerb/Documents/pythonTools/modules/src/modules/abstract_clipit/src/abstract_clipit/imports/utils.py - pieces = []
strings == []
2025-11-03 18:20:03,604 - INFO - /home/flerb/Documents/pythonTools/modules/src/modules/abstract_clipit/src/abstract_clipit/imports/utils.py - pieces = []
strings == []
2025-11-03 18:20:03,606 - INFO - /home/flerb/Documents/pythonTools/modules/src/modules/abstract_clipit/src/abstract_clipit/imports/utils.py - pieces = []
strings == []
2025-11-03 18:20:03,608 - INFO - /home/flerb/Documents/pythonTools/modules/src/modules/abstract_clipit/src/abstract_clipit/imports/utils.py - pieces = []
strings == []
2025-11-03 18:20:03,611 - INFO - /home/flerb/Documents/pythonTools/modules/src/modules/abstract_clipit/src/abstract_clipit/imports/utils.py - pieces = []
strings == []
2025-11-03 18:20:03,613 - INFO - /home/flerb/Documents/pythonTools/modules/src/modules/abstract_clipit/src/abstract_clipit/imports/utils.py - pieces = []
strings == []
2025-11-03 18:20:03,615 - INFO - /home/flerb/Documents/pythonTools/modules/src/modules/abstract_clipit/src/abstract_clipit/imports/utils.py - pieces = []
strings == []
2025-11-03 18:20:03,617 - INFO - /home/flerb/Documents/pythonTools/modules/src/modules/abstract_clipit/src/abstract_clipit/imports/utils.py - pieces = []
strings == []
2025-11-03 18:20:03,620 - INFO - /home/flerb/Documents/pythonTools/modules/src/modules/abstract_clipit/src/abstract_clipit/imports/utils.py - pieces = []
strings == []
2025-11-03 18:20:03,622 - INFO - /home/flerb/Documents/pythonTools/modules/src/modules/abstract_clipit/src/abstract_clipit/imports/utils.py - pieces = []
strings == []
2025-11-03 18:20:03,624 - INFO - /home/flerb/Documents/pythonTools/modules/src/modules/abstract_clipit/src/abstract_clipit/imports/utils.py - pieces = []
strings == []
2025-11-11 06:13:31,679 - INFO - /home/flerb/Documents/pythonTools/modules/src/modules/abstract_clipit/src/abstract_clipit/imports/utils.py - [2025-11-11 06:13:31] View Array.
2025-11-11 06:13:32,080 - INFO - /home/flerb/Documents/pythonTools/modules/src/modules/abstract_clipit/src/abstract_clipit/imports/utils.py - [2025-11-11 06:13:32] View Print.
2025-11-11 06:13:35,608 - INFO - /home/flerb/Documents/pythonTools/modules/src/modules/abstract_clipit/src/abstract_clipit/imports/utils.py - [2025-11-11 06:13:35] View Array.
2025-11-11 06:13:36,837 - INFO - /home/flerb/Documents/pythonTools/modules/src/modules/abstract_clipit/src/abstract_clipit/imports/utils.py - [2025-11-11 06:13:36] View Print.
